npm verb cli [
npm verb cli   '/opt/homebrew/Cellar/node/17.8.0/bin/node',
npm verb cli   '/opt/homebrew/bin/npm',
npm verb cli   'install',
npm verb cli   '--legacy-peer-deps',
npm verb cli   '--loglevel',
npm verb cli   'verbose'
npm verb cli ]
npm info using npm@8.5.5
npm info using node@v17.8.0
npm timing npm:load:whichnode Completed in 0ms
npm timing config:load:defaults Completed in 1ms
npm timing config:load:file:/opt/homebrew/lib/node_modules/npm/npmrc Completed in 1ms
npm timing config:load:builtin Completed in 2ms
npm timing config:load:cli Completed in 1ms
npm timing config:load:env Completed in 0ms
npm timing config:load:file:/Users/lipskia/projects/strix/Exercise_2/tmpBstackPackages/.npmrc Completed in 0ms
npm timing config:load:project Completed in 2ms
npm timing config:load:file:/Users/lipskia/.npmrc Completed in 0ms
npm timing config:load:user Completed in 0ms
npm timing config:load:file:/opt/homebrew/etc/npmrc Completed in 0ms
npm timing config:load:global Completed in 0ms
npm timing config:load:validate Completed in 0ms
npm timing config:load:credentials Completed in 1ms
npm timing config:load:setEnvs Completed in 0ms
npm timing config:load Completed in 7ms
npm timing npm:load:configload Completed in 7ms
npm timing npm:load:setTitle Completed in 2ms
npm timing config:load:flatten Completed in 1ms
npm timing npm:load:display Completed in 3ms
npm verb logfile /Users/lipskia/.npm/_logs/2022-07-03T17_27_48_410Z-debug-0.log
npm timing npm:load:logFile Completed in 2ms
npm timing npm:load:timers Completed in 0ms
npm timing npm:load:configScope Completed in 0ms
npm timing npm:load Completed in 14ms
npm timing arborist:ctor Completed in 0ms
npm timing arborist:ctor Completed in 0ms
npm timing idealTree:init Completed in 5ms
npm timing idealTree:userRequests Completed in 0ms
npm timing idealTree:#root Completed in 0ms
npm timing idealTree:buildDeps Completed in 1ms
npm timing idealTree:fixDepFlags Completed in 0ms
npm timing idealTree Completed in 6ms
npm timing reify:loadTrees Completed in 6ms
npm timing reify:diffTrees Completed in 0ms
npm timing reify:retireShallow Completed in 0ms
npm timing reify:createSparse Completed in 0ms
npm timing reify:loadBundles Completed in 0ms
npm timing reify:audit Completed in 0ms
npm timing reify:unpack Completed in 0ms
npm timing reify:unretire Completed in 0ms
npm timing build:queue Completed in 0ms
npm timing build:deps Completed in 1ms
npm timing build Completed in 1ms
npm timing reify:build Completed in 1ms
npm timing reify:trash Completed in 0ms
npm timing reify:save Completed in 1ms
npm timing reify Completed in 12ms

up to date, audited 1 package in 92ms

found 0 vulnerabilities
npm timing command:install Completed in 14ms
npm verb exit 0
npm timing npm Completed in 93ms
npm info ok 
